Forwarding from 0.0.0.0:7001 -> 7001
Forwarding from 0.0.0.0:8801 -> 3000
Handling connection for 8801
Handling connection for 8801
Handling connection for 8801
Handling connection for 8801
Handling connection for 8801
Handling connection for 8801
Handling connection for 8801
Handling connection for 8801
Handling connection for 8801
Handling connection for 8801
Handling connection for 8801
Handling connection for 8801
Handling connection for 7001
Handling connection for 7001
Handling connection for 8801
Handling connection for 8801
Handling connection for 8801
Handling connection for 8801
Handling connection for 8801
Handling connection for 8801
E0622 16:59:34.559144   42971 portforward.go:522] "Unhandled Error" err="an error occurred forwarding 8801 -> 3000: error forwarding port 3000 to pod 736cf33265be1bff4754bfe436a08a9597800cfa1d784d4e57f13f59c4b01726, uid : failed to execute portforward in network namespace \"/var/run/netns/cni-1d59b8a7-bc13-ce79-012b-bf57e9b4e7bc\": readfrom tcp4 127.0.0.1:33678->127.0.0.1:3000: write tcp4 127.0.0.1:33678->127.0.0.1:3000: write: broken pipe"
error: lost connection to pod
Handling connection for 7001
Handling connection for 7001
Handling connection for 7001
Handling connection for 7001
Forwarding from 0.0.0.0:8801 -> 3000
Unable to listen on port 7001: Listeners failed to create with the following errors: [unable to create listener: Error listen tcp4 0.0.0.0:7001: bind: address already in use]
error: unable to listen on any of the requested ports: [{7001 7001}]
Handling connection for 8801
Handling connection for 8801
Handling connection for 8801
Handling connection for 8801
Handling connection for 8801
Handling connection for 8801
Handling connection for 8801
Handling connection for 8801
Handling connection for 8801
Handling connection for 8801
Handling connection for 8801
Handling connection for 8801
Handling connection for 8801
Handling connection for 8801
Handling connection for 8801
Handling connection for 8801
Handling connection for 8801
Handling connection for 8801
Handling connection for 8801
Handling connection for 8801
Handling connection for 8801
Handling connection for 8801
Handling connection for 8801
Handling connection for 8801
Handling connection for 8801
Handling connection for 8801
Handling connection for 8801
Handling connection for 8801
Handling connection for 8801
Handling connection for 8801
Handling connection for 8801
Handling connection for 8801
Handling connection for 8801
Handling connection for 8801
E0622 17:30:06.529379   87117 portforward.go:522] "Unhandled Error" err="an error occurred forwarding 8801 -> 3000: error forwarding port 3000 to pod 5e4b75bb23f8da013cc6b72a75c0406219e14eb55232176de07ad43f49ffe73f, uid : network namespace for sandbox \"5e4b75bb23f8da013cc6b72a75c0406219e14eb55232176de07ad43f49ffe73f\" is closed"
error: lost connection to pod
Unable to listen on port 7001: Listeners failed to create with the following errors: [unable to create listener: Error listen tcp4 0.0.0.0:7001: bind: address already in use]
error: unable to listen on any of the requested ports: [{7001 7001}]
Forwarding from 0.0.0.0:8801 -> 3000
Handling connection for 8801
Handling connection for 8801
Handling connection for 8801
Handling connection for 8801
Handling connection for 8801
Handling connection for 8801
Handling connection for 8801
Handling connection for 8801
Handling connection for 8801
Handling connection for 8801
Handling connection for 8801
Handling connection for 8801
Handling connection for 8801
Handling connection for 8801
Handling connection for 8801
E0622 18:00:55.847229  122019 portforward.go:522] "Unhandled Error" err="an error occurred forwarding 8801 -> 3000: error forwarding port 3000 to pod d262c46989a468cb25895f21440be80393008376db71b2fa627a4d5acd22aebd, uid : network namespace for sandbox \"d262c46989a468cb25895f21440be80393008376db71b2fa627a4d5acd22aebd\" is closed"
error: lost connection to pod
Forwarding from 0.0.0.0:8801 -> 3000
Unable to listen on port 7001: Listeners failed to create with the following errors: [unable to create listener: Error listen tcp4 0.0.0.0:7001: bind: address already in use]
error: unable to listen on any of the requested ports: [{7001 7001}]
Handling connection for 8801
Handling connection for 8801
Handling connection for 8801
Handling connection for 8801
Handling connection for 8801
Handling connection for 8801
Handling connection for 8801
Handling connection for 8801
Handling connection for 7001
Handling connection for 7001
E0622 18:36:08.883474   42972 portforward.go:502] "Unhandled Error" err="error copying from local connection to remote stream: writeto tcp4 114.66.34.225:7001->66.132.186.180:35700: read tcp4 114.66.34.225:7001->66.132.186.180:35700: read: connection reset by peer"
Handling connection for 7001
Handling connection for 7001
E0622 18:36:13.763484   42972 portforward.go:502] "Unhandled Error" err="error copying from local connection to remote stream: writeto tcp4 114.66.34.225:7001->66.132.186.180:35718: read tcp4 114.66.34.225:7001->66.132.186.180:35718: read: connection reset by peer"
Handling connection for 7001
Handling connection for 7001
Handling connection for 7001
Handling connection for 7001
Handling connection for 7001
Handling connection for 7001
Handling connection for 7001
Unable to listen on port 8801: Listeners failed to create with the following errors: [unable to create listener: Error listen tcp4 0.0.0.0:8801: bind: address already in use]
error: unable to listen on any of the requested ports: [{8801 3000}]
Unable to listen on port 7001: Listeners failed to create with the following errors: [unable to create listener: Error listen tcp4 0.0.0.0:7001: bind: address already in use]
error: unable to listen on any of the requested ports: [{7001 7001}]
Handling connection for 8801
Handling connection for 8801
Handling connection for 8801
Handling connection for 8801
Handling connection for 8801
Handling connection for 8801
Handling connection for 8801
Handling connection for 8801
Handling connection for 7001
Handling connection for 7001
Handling connection for 8801
Handling connection for 8801
Handling connection for 8801
Handling connection for 8801
Handling connection for 8801
Handling connection for 8801
Handling connection for 8801
Handling connection for 8801
Handling connection for 8801
Handling connection for 8801
Handling connection for 8801
Handling connection for 8801
Handling connection for 8801
Handling connection for 8801
Handling connection for 8801
Handling connection for 8801
Handling connection for 8801
Handling connection for 8801
Handling connection for 8801
Handling connection for 8801
Handling connection for 8801
Handling connection for 8801
Handling connection for 8801
Handling connection for 8801
Handling connection for 8801
Handling connection for 8801
Handling connection for 8801
Handling connection for 8801
Handling connection for 8801
Handling connection for 8801
Handling connection for 8801
Handling connection for 8801
Handling connection for 8801
Handling connection for 8801
Handling connection for 8801
Handling connection for 8801
Handling connection for 8801
Handling connection for 8801
Handling connection for 8801
Handling connection for 8801
Handling connection for 8801
Handling connection for 8801
Handling connection for 8801
Handling connection for 8801
Handling connection for 8801
Handling connection for 8801
Handling connection for 8801
Handling connection for 8801
Handling connection for 8801
Handling connection for 8801
Handling connection for 8801
Handling connection for 8801
Handling connection for 8801
Handling connection for 8801
Handling connection for 8801
Handling connection for 8801
Handling connection for 8801
Handling connection for 8801
Handling connection for 8801
Handling connection for 8801
Handling connection for 8801
Handling connection for 8801
Handling connection for 8801
Handling connection for 8801
Handling connection for 8801
Handling connection for 8801
Handling connection for 8801
Handling connection for 8801
Handling connection for 8801
Handling connection for 8801
Handling connection for 8801
Handling connection for 8801
Handling connection for 8801
Handling connection for 8801
Handling connection for 8801
Handling connection for 8801
Handling connection for 8801
Handling connection for 8801
Handling connection for 8801
Handling connection for 8801
Handling connection for 8801
Handling connection for 8801
Handling connection for 8801
Handling connection for 8801
Handling connection for 8801
Handling connection for 8801
Handling connection for 8801
Handling connection for 8801
Handling connection for 8801
Handling connection for 8801
Handling connection for 8801
Handling connection for 8801
Handling connection for 8801
Handling connection for 8801
Handling connection for 8801
Handling connection for 8801
Handling connection for 8801
Handling connection for 8801
Handling connection for 8801
Handling connection for 8801
Handling connection for 8801
Handling connection for 8801
Handling connection for 8801
Handling connection for 8801
Handling connection for 8801
Handling connection for 8801
Handling connection for 8801
Handling connection for 8801
Handling connection for 8801
Handling connection for 8801
Handling connection for 8801
Handling connection for 8801
Handling connection for 8801
Handling connection for 8801
Handling connection for 8801
Handling connection for 8801
Handling connection for 8801
Handling connection for 8801
Handling connection for 8801
Handling connection for 8801
Handling connection for 8801
Handling connection for 8801
Handling connection for 8801
Handling connection for 8801
Handling connection for 8801
Handling connection for 8801
Handling connection for 8801
Handling connection for 8801
Handling connection for 8801
Handling connection for 8801
Handling connection for 8801
Handling connection for 8801
Handling connection for 8801
Handling connection for 8801
Handling connection for 8801
Handling connection for 8801
Handling connection for 8801
Handling connection for 8801
Handling connection for 8801
Handling connection for 8801
Handling connection for 8801
Handling connection for 8801
Handling connection for 8801
Handling connection for 8801
Handling connection for 8801
Handling connection for 8801
E0623 03:48:07.011291  196712 portforward.go:522] "Unhandled Error" err="an error occurred forwarding 8801 -> 3000: error forwarding port 3000 to pod 211cc51b647e5ebac963663aca757fa508a4efa0047392b1b55ed130d83d5a86, uid : network namespace for sandbox \"211cc51b647e5ebac963663aca757fa508a4efa0047392b1b55ed130d83d5a86\" is closed"
Handling connection for 8801
Handling connection for 8801
Handling connection for 8801
Handling connection for 8801
E0623 03:48:37.014141  196712 portforward.go:455] "Unhandled Error" err="error creating error stream for port 8801 -> 3000: Timeout occurred"
E0623 03:48:37.014230  196712 portforward.go:455] "Unhandled Error" err="error creating error stream for port 8801 -> 3000: Timeout occurred"
E0623 03:48:37.014179  196712 portforward.go:455] "Unhandled Error" err="error creating error stream for port 8801 -> 3000: Timeout occurred"
E0623 03:48:37.023716  196712 portforward.go:455] "Unhandled Error" err="error creating error stream for port 8801 -> 3000: Timeout occurred"
Handling connection for 8801
Handling connection for 8801
Handling connection for 8801
Handling connection for 8801
Handling connection for 8801
E0623 03:49:37.001706  196712 portforward.go:455] "Unhandled Error" err="error creating error stream for port 8801 -> 3000: Timeout occurred"
E0623 03:49:37.005916  196712 portforward.go:455] "Unhandled Error" err="error creating error stream for port 8801 -> 3000: Timeout occurred"
E0623 03:49:37.008097  196712 portforward.go:455] "Unhandled Error" err="error creating error stream for port 8801 -> 3000: Timeout occurred"
E0623 03:49:37.010357  196712 portforward.go:455] "Unhandled Error" err="error creating error stream for port 8801 -> 3000: Timeout occurred"
E0623 03:49:37.021614  196712 portforward.go:455] "Unhandled Error" err="error creating error stream for port 8801 -> 3000: Timeout occurred"
Handling connection for 8801
Handling connection for 8801
Handling connection for 8801
Handling connection for 8801
Handling connection for 8801
E0623 03:50:37.004797  196712 portforward.go:455] "Unhandled Error" err="error creating error stream for port 8801 -> 3000: Timeout occurred"
E0623 03:50:37.004851  196712 portforward.go:455] "Unhandled Error" err="error creating error stream for port 8801 -> 3000: Timeout occurred"
E0623 03:50:37.005911  196712 portforward.go:455] "Unhandled Error" err="error creating error stream for port 8801 -> 3000: Timeout occurred"
E0623 03:50:37.007094  196712 portforward.go:455] "Unhandled Error" err="error creating error stream for port 8801 -> 3000: Timeout occurred"
E0623 03:50:37.009277  196712 portforward.go:455] "Unhandled Error" err="error creating error stream for port 8801 -> 3000: Timeout occurred"
Handling connection for 8801
Handling connection for 8801
Handling connection for 8801
Handling connection for 8801
Handling connection for 8801
E0623 03:51:37.014845  196712 portforward.go:455] "Unhandled Error" err="error creating error stream for port 8801 -> 3000: Timeout occurred"
E0623 03:51:37.014932  196712 portforward.go:455] "Unhandled Error" err="error creating error stream for port 8801 -> 3000: Timeout occurred"
E0623 03:51:37.014858  196712 portforward.go:455] "Unhandled Error" err="error creating error stream for port 8801 -> 3000: Timeout occurred"
E0623 03:51:37.018321  196712 portforward.go:455] "Unhandled Error" err="error creating error stream for port 8801 -> 3000: Timeout occurred"
E0623 03:51:37.020689  196712 portforward.go:455] "Unhandled Error" err="error creating error stream for port 8801 -> 3000: Timeout occurred"
Handling connection for 8801
Handling connection for 8801
Handling connection for 8801
Handling connection for 8801
Handling connection for 8801
E0623 03:52:37.013575  196712 portforward.go:455] "Unhandled Error" err="error creating error stream for port 8801 -> 3000: Timeout occurred"
E0623 03:52:37.016778  196712 portforward.go:455] "Unhandled Error" err="error creating error stream for port 8801 -> 3000: Timeout occurred"
E0623 03:52:37.016822  196712 portforward.go:455] "Unhandled Error" err="error creating error stream for port 8801 -> 3000: Timeout occurred"
E0623 03:52:37.019183  196712 portforward.go:455] "Unhandled Error" err="error creating error stream for port 8801 -> 3000: Timeout occurred"
E0623 03:52:37.028512  196712 portforward.go:455] "Unhandled Error" err="error creating error stream for port 8801 -> 3000: Timeout occurred"
Handling connection for 8801
Handling connection for 8801
Handling connection for 8801
Handling connection for 8801
Handling connection for 8801
E0623 03:53:37.006593  196712 portforward.go:455] "Unhandled Error" err="error creating error stream for port 8801 -> 3000: Timeout occurred"
E0623 03:53:37.007920  196712 portforward.go:455] "Unhandled Error" err="error creating error stream for port 8801 -> 3000: Timeout occurred"
E0623 03:53:37.017343  196712 portforward.go:455] "Unhandled Error" err="error creating error stream for port 8801 -> 3000: Timeout occurred"
E0623 03:53:37.019931  196712 portforward.go:455] "Unhandled Error" err="error creating error stream for port 8801 -> 3000: Timeout occurred"
E0623 03:53:37.020135  196712 portforward.go:455] "Unhandled Error" err="error creating error stream for port 8801 -> 3000: Timeout occurred"
Handling connection for 8801
Handling connection for 8801
Handling connection for 8801
Handling connection for 8801
Handling connection for 8801
E0623 03:54:37.000572  196712 portforward.go:455] "Unhandled Error" err="error creating error stream for port 8801 -> 3000: Timeout occurred"
E0623 03:54:37.004174  196712 portforward.go:455] "Unhandled Error" err="error creating error stream for port 8801 -> 3000: Timeout occurred"
E0623 03:54:37.009385  196712 portforward.go:455] "Unhandled Error" err="error creating error stream for port 8801 -> 3000: Timeout occurred"
E0623 03:54:37.009570  196712 portforward.go:455] "Unhandled Error" err="error creating error stream for port 8801 -> 3000: Timeout occurred"
E0623 03:54:37.019991  196712 portforward.go:455] "Unhandled Error" err="error creating error stream for port 8801 -> 3000: Timeout occurred"
Handling connection for 8801
Handling connection for 8801
Handling connection for 8801
Handling connection for 8801
Handling connection for 8801
E0623 03:55:37.005871  196712 portforward.go:455] "Unhandled Error" err="error creating error stream for port 8801 -> 3000: Timeout occurred"
E0623 03:55:37.006462  196712 portforward.go:455] "Unhandled Error" err="error creating error stream for port 8801 -> 3000: Timeout occurred"
E0623 03:55:37.008853  196712 portforward.go:455] "Unhandled Error" err="error creating error stream for port 8801 -> 3000: Timeout occurred"
E0623 03:55:37.021114  196712 portforward.go:455] "Unhandled Error" err="error creating error stream for port 8801 -> 3000: Timeout occurred"
E0623 03:55:37.026438  196712 portforward.go:455] "Unhandled Error" err="error creating error stream for port 8801 -> 3000: Timeout occurred"
Handling connection for 8801
Handling connection for 8801
Handling connection for 8801
Handling connection for 8801
Handling connection for 8801
E0623 03:56:36.999627  196712 portforward.go:455] "Unhandled Error" err="error creating error stream for port 8801 -> 3000: Timeout occurred"
E0623 03:56:36.999674  196712 portforward.go:455] "Unhandled Error" err="error creating error stream for port 8801 -> 3000: Timeout occurred"
E0623 03:56:37.007568  196712 portforward.go:455] "Unhandled Error" err="error creating error stream for port 8801 -> 3000: Timeout occurred"
E0623 03:56:37.018841  196712 portforward.go:455] "Unhandled Error" err="error creating error stream for port 8801 -> 3000: Timeout occurred"
E0623 03:56:37.020014  196712 portforward.go:455] "Unhandled Error" err="error creating error stream for port 8801 -> 3000: Timeout occurred"
Handling connection for 8801
Handling connection for 8801
Handling connection for 8801
Handling connection for 8801
Handling connection for 8801
E0623 03:57:37.004569  196712 portforward.go:455] "Unhandled Error" err="error creating error stream for port 8801 -> 3000: Timeout occurred"
E0623 03:57:37.007760  196712 portforward.go:455] "Unhandled Error" err="error creating error stream for port 8801 -> 3000: Timeout occurred"
E0623 03:57:37.012008  196712 portforward.go:455] "Unhandled Error" err="error creating error stream for port 8801 -> 3000: Timeout occurred"
E0623 03:57:37.019297  196712 portforward.go:455] "Unhandled Error" err="error creating error stream for port 8801 -> 3000: Timeout occurred"
E0623 03:57:37.020360  196712 portforward.go:455] "Unhandled Error" err="error creating error stream for port 8801 -> 3000: Timeout occurred"
Handling connection for 8801
Handling connection for 8801
Handling connection for 8801
Handling connection for 8801
Handling connection for 8801
Handling connection for 8801
E0623 03:58:23.299991  196712 portforward.go:455] "Unhandled Error" err="error creating error stream for port 8801 -> 3000: Timeout occurred"
E0623 03:58:37.010690  196712 portforward.go:455] "Unhandled Error" err="error creating error stream for port 8801 -> 3000: Timeout occurred"
E0623 03:58:37.017984  196712 portforward.go:455] "Unhandled Error" err="error creating error stream for port 8801 -> 3000: Timeout occurred"
E0623 03:58:37.018049  196712 portforward.go:455] "Unhandled Error" err="error creating error stream for port 8801 -> 3000: Timeout occurred"
E0623 03:58:37.018053  196712 portforward.go:455] "Unhandled Error" err="error creating error stream for port 8801 -> 3000: Timeout occurred"
E0623 03:58:37.018015  196712 portforward.go:455] "Unhandled Error" err="error creating error stream for port 8801 -> 3000: Timeout occurred"
Handling connection for 8801
Handling connection for 8801
Handling connection for 8801
Handling connection for 8801
E0623 03:59:37.013586  196712 portforward.go:455] "Unhandled Error" err="error creating error stream for port 8801 -> 3000: Timeout occurred"
E0623 03:59:37.027855  196712 portforward.go:455] "Unhandled Error" err="error creating error stream for port 8801 -> 3000: Timeout occurred"
E0623 03:59:37.027904  196712 portforward.go:455] "Unhandled Error" err="error creating error stream for port 8801 -> 3000: Timeout occurred"
E0623 03:59:37.033472  196712 portforward.go:455] "Unhandled Error" err="error creating error stream for port 8801 -> 3000: Timeout occurred"
Handling connection for 8801
Handling connection for 8801
Handling connection for 8801
Handling connection for 8801
Handling connection for 8801
E0623 04:00:37.009608  196712 portforward.go:455] "Unhandled Error" err="error creating error stream for port 8801 -> 3000: Timeout occurred"
E0623 04:00:37.010725  196712 portforward.go:455] "Unhandled Error" err="error creating error stream for port 8801 -> 3000: Timeout occurred"
E0623 04:00:37.015977  196712 portforward.go:455] "Unhandled Error" err="error creating error stream for port 8801 -> 3000: Timeout occurred"
E0623 04:00:37.015996  196712 portforward.go:455] "Unhandled Error" err="error creating error stream for port 8801 -> 3000: Timeout occurred"
E0623 04:00:37.022956  196712 portforward.go:455] "Unhandled Error" err="error creating error stream for port 8801 -> 3000: Timeout occurred"
Handling connection for 8801
Handling connection for 8801
Handling connection for 8801
Handling connection for 8801
Handling connection for 8801
E0623 04:01:37.017664  196712 portforward.go:455] "Unhandled Error" err="error creating error stream for port 8801 -> 3000: Timeout occurred"
E0623 04:01:37.025037  196712 portforward.go:455] "Unhandled Error" err="error creating error stream for port 8801 -> 3000: Timeout occurred"
E0623 04:01:37.029269  196712 portforward.go:455] "Unhandled Error" err="error creating error stream for port 8801 -> 3000: Timeout occurred"
E0623 04:01:37.029734  196712 portforward.go:455] "Unhandled Error" err="error creating error stream for port 8801 -> 3000: Timeout occurred"
E0623 04:01:37.033853  196712 portforward.go:455] "Unhandled Error" err="error creating error stream for port 8801 -> 3000: Timeout occurred"
Handling connection for 8801
Handling connection for 8801
Handling connection for 8801
Handling connection for 8801
Handling connection for 8801
E0623 04:02:37.010717  196712 portforward.go:455] "Unhandled Error" err="error creating error stream for port 8801 -> 3000: Timeout occurred"
E0623 04:02:37.011825  196712 portforward.go:455] "Unhandled Error" err="error creating error stream for port 8801 -> 3000: Timeout occurred"
E0623 04:02:37.018046  196712 portforward.go:455] "Unhandled Error" err="error creating error stream for port 8801 -> 3000: Timeout occurred"
E0623 04:02:37.025263  196712 portforward.go:455] "Unhandled Error" err="error creating error stream for port 8801 -> 3000: Timeout occurred"
E0623 04:02:37.033482  196712 portforward.go:455] "Unhandled Error" err="error creating error stream for port 8801 -> 3000: Timeout occurred"
Handling connection for 8801
Handling connection for 8801
Handling connection for 8801
Handling connection for 8801
Handling connection for 8801
E0623 04:03:37.012307  196712 portforward.go:455] "Unhandled Error" err="error creating error stream for port 8801 -> 3000: Timeout occurred"
E0623 04:03:37.013461  196712 portforward.go:455] "Unhandled Error" err="error creating error stream for port 8801 -> 3000: Timeout occurred"
E0623 04:03:37.019714  196712 portforward.go:455] "Unhandled Error" err="error creating error stream for port 8801 -> 3000: Timeout occurred"
E0623 04:03:37.022977  196712 portforward.go:455] "Unhandled Error" err="error creating error stream for port 8801 -> 3000: Timeout occurred"
E0623 04:03:37.030285  196712 portforward.go:455] "Unhandled Error" err="error creating error stream for port 8801 -> 3000: Timeout occurred"
Handling connection for 8801
Handling connection for 8801
Handling connection for 8801
Handling connection for 8801
Handling connection for 8801
E0623 04:04:37.007981  196712 portforward.go:455] "Unhandled Error" err="error creating error stream for port 8801 -> 3000: Timeout occurred"
E0623 04:04:37.018202  196712 portforward.go:455] "Unhandled Error" err="error creating error stream for port 8801 -> 3000: Timeout occurred"
E0623 04:04:37.018240  196712 portforward.go:455] "Unhandled Error" err="error creating error stream for port 8801 -> 3000: Timeout occurred"
E0623 04:04:37.021842  196712 portforward.go:455] "Unhandled Error" err="error creating error stream for port 8801 -> 3000: Timeout occurred"
E0623 04:04:37.021863  196712 portforward.go:455] "Unhandled Error" err="error creating error stream for port 8801 -> 3000: Timeout occurred"
Handling connection for 8801
Handling connection for 8801
Handling connection for 8801
Handling connection for 8801
Handling connection for 8801
E0623 04:05:37.025616  196712 portforward.go:455] "Unhandled Error" err="error creating error stream for port 8801 -> 3000: Timeout occurred"
E0623 04:05:37.026849  196712 portforward.go:455] "Unhandled Error" err="error creating error stream for port 8801 -> 3000: Timeout occurred"
E0623 04:05:37.026853  196712 portforward.go:455] "Unhandled Error" err="error creating error stream for port 8801 -> 3000: Timeout occurred"
E0623 04:05:37.030816  196712 portforward.go:455] "Unhandled Error" err="error creating error stream for port 8801 -> 3000: Timeout occurred"
E0623 04:05:37.033059  196712 portforward.go:455] "Unhandled Error" err="error creating error stream for port 8801 -> 3000: Timeout occurred"
Handling connection for 8801
Handling connection for 8801
Handling connection for 8801
Handling connection for 8801
Handling connection for 8801
E0623 04:06:37.025591  196712 portforward.go:455] "Unhandled Error" err="error creating error stream for port 8801 -> 3000: Timeout occurred"
E0623 04:06:37.031707  196712 portforward.go:455] "Unhandled Error" err="error creating error stream for port 8801 -> 3000: Timeout occurred"
E0623 04:06:37.031783  196712 portforward.go:455] "Unhandled Error" err="error creating error stream for port 8801 -> 3000: Timeout occurred"
E0623 04:06:37.036313  196712 portforward.go:455] "Unhandled Error" err="error creating error stream for port 8801 -> 3000: Timeout occurred"
E0623 04:06:37.042598  196712 portforward.go:455] "Unhandled Error" err="error creating error stream for port 8801 -> 3000: Timeout occurred"
Handling connection for 8801
Handling connection for 8801
Handling connection for 8801
Handling connection for 8801
Handling connection for 8801
E0623 04:07:37.017840  196712 portforward.go:455] "Unhandled Error" err="error creating error stream for port 8801 -> 3000: Timeout occurred"
E0623 04:07:37.019998  196712 portforward.go:455] "Unhandled Error" err="error creating error stream for port 8801 -> 3000: Timeout occurred"
E0623 04:07:37.026328  196712 portforward.go:455] "Unhandled Error" err="error creating error stream for port 8801 -> 3000: Timeout occurred"
E0623 04:07:37.027453  196712 portforward.go:455] "Unhandled Error" err="error creating error stream for port 8801 -> 3000: Timeout occurred"
E0623 04:07:37.043742  196712 portforward.go:455] "Unhandled Error" err="error creating error stream for port 8801 -> 3000: Timeout occurred"
Handling connection for 8801
Handling connection for 8801
Handling connection for 8801
Handling connection for 8801
Handling connection for 8801
E0623 04:08:37.017663  196712 portforward.go:455] "Unhandled Error" err="error creating error stream for port 8801 -> 3000: Timeout occurred"
E0623 04:08:37.022080  196712 portforward.go:455] "Unhandled Error" err="error creating error stream for port 8801 -> 3000: Timeout occurred"
E0623 04:08:37.023531  196712 portforward.go:455] "Unhandled Error" err="error creating error stream for port 8801 -> 3000: Timeout occurred"
E0623 04:08:37.023802  196712 portforward.go:455] "Unhandled Error" err="error creating error stream for port 8801 -> 3000: Timeout occurred"
E0623 04:08:37.024009  196712 portforward.go:455] "Unhandled Error" err="error creating error stream for port 8801 -> 3000: Timeout occurred"
Handling connection for 8801
Handling connection for 8801
Handling connection for 8801
Handling connection for 8801
Handling connection for 8801
E0623 04:09:37.013236  196712 portforward.go:455] "Unhandled Error" err="error creating error stream for port 8801 -> 3000: Timeout occurred"
E0623 04:09:37.019440  196712 portforward.go:455] "Unhandled Error" err="error creating error stream for port 8801 -> 3000: Timeout occurred"
E0623 04:09:37.021588  196712 portforward.go:455] "Unhandled Error" err="error creating error stream for port 8801 -> 3000: Timeout occurred"
E0623 04:09:37.022699  196712 portforward.go:455] "Unhandled Error" err="error creating error stream for port 8801 -> 3000: Timeout occurred"
E0623 04:09:37.031005  196712 portforward.go:455] "Unhandled Error" err="error creating error stream for port 8801 -> 3000: Timeout occurred"
Handling connection for 8801
Handling connection for 8801
Handling connection for 8801
Handling connection for 8801
Handling connection for 8801
E0623 04:10:37.025535  196712 portforward.go:455] "Unhandled Error" err="error creating error stream for port 8801 -> 3000: Timeout occurred"
E0623 04:10:37.025578  196712 portforward.go:455] "Unhandled Error" err="error creating error stream for port 8801 -> 3000: Timeout occurred"
E0623 04:10:37.025691  196712 portforward.go:455] "Unhandled Error" err="error creating error stream for port 8801 -> 3000: Timeout occurred"
E0623 04:10:37.026700  196712 portforward.go:455] "Unhandled Error" err="error creating error stream for port 8801 -> 3000: Timeout occurred"
E0623 04:10:37.034022  196712 portforward.go:455] "Unhandled Error" err="error creating error stream for port 8801 -> 3000: Timeout occurred"
Handling connection for 8801
Handling connection for 8801
Handling connection for 8801
Handling connection for 8801
Handling connection for 8801
E0623 04:11:37.023601  196712 portforward.go:455] "Unhandled Error" err="error creating error stream for port 8801 -> 3000: Timeout occurred"
E0623 04:11:37.023678  196712 portforward.go:455] "Unhandled Error" err="error creating error stream for port 8801 -> 3000: Timeout occurred"
E0623 04:11:37.030337  196712 portforward.go:455] "Unhandled Error" err="error creating error stream for port 8801 -> 3000: Timeout occurred"
E0623 04:11:37.045750  196712 portforward.go:455] "Unhandled Error" err="error creating error stream for port 8801 -> 3000: Timeout occurred"
E0623 04:11:37.049143  196712 portforward.go:455] "Unhandled Error" err="error creating error stream for port 8801 -> 3000: Timeout occurred"
Handling connection for 8801
Handling connection for 8801
Handling connection for 8801
Handling connection for 8801
Handling connection for 8801
Handling connection for 8801
E0623 04:12:36.137462  196712 portforward.go:455] "Unhandled Error" err="error creating error stream for port 8801 -> 3000: Timeout occurred"
E0623 04:12:36.139597  196712 portforward.go:455] "Unhandled Error" err="error creating error stream for port 8801 -> 3000: Timeout occurred"
E0623 04:12:36.141858  196712 portforward.go:455] "Unhandled Error" err="error creating error stream for port 8801 -> 3000: Timeout occurred"
E0623 04:12:36.148090  196712 portforward.go:455] "Unhandled Error" err="error creating error stream for port 8801 -> 3000: Timeout occurred"
E0623 04:12:36.153362  196712 portforward.go:455] "Unhandled Error" err="error creating error stream for port 8801 -> 3000: Timeout occurred"
Handling connection for 8801
Handling connection for 8801
Handling connection for 8801
Handling connection for 8801
E0623 04:12:57.455413  196712 portforward.go:455] "Unhandled Error" err="error creating error stream for port 8801 -> 3000: Timeout occurred"
Handling connection for 8801
E0623 04:13:06.220310  196712 portforward.go:455] "Unhandled Error" err="error creating error stream for port 8801 -> 3000: Timeout occurred"
E0623 04:13:06.224912  196712 portforward.go:455] "Unhandled Error" err="error creating error stream for port 8801 -> 3000: Timeout occurred"
E0623 04:13:06.227120  196712 portforward.go:455] "Unhandled Error" err="error creating error stream for port 8801 -> 3000: Timeout occurred"
E0623 04:13:06.241509  196712 portforward.go:455] "Unhandled Error" err="error creating error stream for port 8801 -> 3000: Timeout occurred"
Handling connection for 8801
Handling connection for 8801
Handling connection for 8801
Handling connection for 8801
E0623 04:13:27.528528  196712 portforward.go:455] "Unhandled Error" err="error creating error stream for port 8801 -> 3000: Timeout occurred"
Handling connection for 8801
E0623 04:13:36.296622  196712 portforward.go:455] "Unhandled Error" err="error creating error stream for port 8801 -> 3000: Timeout occurred"
E0623 04:13:36.297691  196712 portforward.go:455] "Unhandled Error" err="error creating error stream for port 8801 -> 3000: Timeout occurred"
E0623 04:13:36.302940  196712 portforward.go:455] "Unhandled Error" err="error creating error stream for port 8801 -> 3000: Timeout occurred"
E0623 04:13:36.311308  196712 portforward.go:455] "Unhandled Error" err="error creating error stream for port 8801 -> 3000: Timeout occurred"
Handling connection for 8801
Handling connection for 8801
Handling connection for 8801
Handling connection for 8801
Handling connection for 7001
Unable to listen on port 8801: Listeners failed to create with the following errors: [unable to create listener: Error listen tcp4 0.0.0.0:8801: bind: address already in use]
Unable to listen on port 7001: Listeners failed to create with the following errors: [unable to create listener: Error listen tcp4 0.0.0.0:7001: bind: address already in use]
error: unable to listen on any of the requested ports: [{8801 3000}]
error: unable to listen on any of the requested ports: [{7001 7001}]
Handling connection for 8801
Handling connection for 8801
Handling connection for 8801
Handling connection for 8801
Handling connection for 8801
Handling connection for 8801
Handling connection for 8801
Handling connection for 8801
Handling connection for 8801
Handling connection for 8801
Handling connection for 8801
Handling connection for 8801
Handling connection for 8801
Handling connection for 8801
Handling connection for 8801
Handling connection for 8801
Handling connection for 8801
E0623 04:13:57.599011  196712 portforward.go:455] "Unhandled Error" err="error creating error stream for port 8801 -> 3000: Timeout occurred"
Unable to listen on port 8801: Listeners failed to create with the following errors: [unable to create listener: Error listen tcp4 0.0.0.0:8801: bind: address already in use]
error: unable to listen on any of the requested ports: [{8801 3000}]
Unable to listen on port 7001: Listeners failed to create with the following errors: [unable to create listener: Error listen tcp4 0.0.0.0:7001: bind: address already in use]
error: unable to listen on any of the requested ports: [{7001 7001}]
E0623 04:14:06.371551  196712 portforward.go:455] "Unhandled Error" err="error creating error stream for port 8801 -> 3000: Timeout occurred"
E0623 04:14:06.371594  196712 portforward.go:455] "Unhandled Error" err="error creating error stream for port 8801 -> 3000: Timeout occurred"
E0623 04:14:06.376145  196712 portforward.go:455] "Unhandled Error" err="error creating error stream for port 8801 -> 3000: Timeout occurred"
E0623 04:14:06.389512  196712 portforward.go:455] "Unhandled Error" err="error creating error stream for port 8801 -> 3000: Timeout occurred"
Handling connection for 8801
Handling connection for 8801
Handling connection for 8801
E0623 04:14:19.745649  196712 portforward.go:455] "Unhandled Error" err="error creating error stream for port 8801 -> 3000: Timeout occurred"
E0623 04:14:19.745684  196712 portforward.go:455] "Unhandled Error" err="error creating error stream for port 8801 -> 3000: Timeout occurred"
E0623 04:14:19.746842  196712 portforward.go:455] "Unhandled Error" err="error creating error stream for port 8801 -> 3000: Timeout occurred"
E0623 04:14:19.749079  196712 portforward.go:455] "Unhandled Error" err="error creating error stream for port 8801 -> 3000: Timeout occurred"
E0623 04:14:19.753331  196712 portforward.go:455] "Unhandled Error" err="error creating error stream for port 8801 -> 3000: Timeout occurred"
E0623 04:14:19.753377  196712 portforward.go:455] "Unhandled Error" err="error creating error stream for port 8801 -> 3000: Timeout occurred"
E0623 04:14:19.753605  196712 portforward.go:455] "Unhandled Error" err="error creating error stream for port 8801 -> 3000: Timeout occurred"
E0623 04:14:19.754734  196712 portforward.go:455] "Unhandled Error" err="error creating error stream for port 8801 -> 3000: Timeout occurred"
E0623 04:14:19.755849  196712 portforward.go:455] "Unhandled Error" err="error creating error stream for port 8801 -> 3000: Timeout occurred"
E0623 04:14:19.755881  196712 portforward.go:455] "Unhandled Error" err="error creating error stream for port 8801 -> 3000: Timeout occurred"
E0623 04:14:19.757036  196712 portforward.go:455] "Unhandled Error" err="error creating error stream for port 8801 -> 3000: Timeout occurred"
E0623 04:14:20.036550  196712 portforward.go:455] "Unhandled Error" err="error creating error stream for port 8801 -> 3000: Timeout occurred"
Handling connection for 8801
Handling connection for 8801
Handling connection for 8801
Handling connection for 8801
Handling connection for 8801
Handling connection for 8801
Handling connection for 8801
Handling connection for 8801
Handling connection for 8801
Handling connection for 8801
E0623 04:14:22.429141  196712 portforward.go:455] "Unhandled Error" err="error creating error stream for port 8801 -> 3000: Timeout occurred"
E0623 04:14:22.429190  196712 portforward.go:455] "Unhandled Error" err="error creating error stream for port 8801 -> 3000: Timeout occurred"
E0623 04:14:22.429228  196712 portforward.go:455] "Unhandled Error" err="error creating error stream for port 8801 -> 3000: Timeout occurred"
Handling connection for 8801
E0623 04:14:22.437125  196712 portforward.go:455] "Unhandled Error" err="error creating error stream for port 8801 -> 3000: Timeout occurred"
E0623 04:14:22.439290  196712 portforward.go:455] "Unhandled Error" err="error creating error stream for port 8801 -> 3000: Timeout occurred"
Handling connection for 8801
Handling connection for 8801
Handling connection for 8801
E0623 04:14:44.095655  196712 portforward.go:455] "Unhandled Error" err="error creating error stream for port 8801 -> 3000: Timeout occurred"
E0623 04:14:47.372523  196712 portforward.go:455] "Unhandled Error" err="error creating error stream for port 8801 -> 3000: Timeout occurred"
E0623 04:14:48.224651  196712 portforward.go:455] "Unhandled Error" err="error creating error stream for port 8801 -> 3000: Timeout occurred"
E0623 04:14:51.406721  196712 portforward.go:455] "Unhandled Error" err="error creating error stream for port 8801 -> 3000: Timeout occurred"
E0623 04:14:51.406760  196712 portforward.go:455] "Unhandled Error" err="error creating error stream for port 8801 -> 3000: Timeout occurred"
E0623 04:14:51.409241  196712 portforward.go:455] "Unhandled Error" err="error creating error stream for port 8801 -> 3000: Timeout occurred"
E0623 04:14:51.416454  196712 portforward.go:455] "Unhandled Error" err="error creating error stream for port 8801 -> 3000: Timeout occurred"
E0623 04:14:51.426778  196712 portforward.go:455] "Unhandled Error" err="error creating error stream for port 8801 -> 3000: Timeout occurred"
E0623 04:14:51.426814  196712 portforward.go:455] "Unhandled Error" err="error creating error stream for port 8801 -> 3000: Timeout occurred"
E0623 04:14:51.428191  196712 portforward.go:455] "Unhandled Error" err="error creating error stream for port 8801 -> 3000: Timeout occurred"
E0623 04:14:51.925877  196712 portforward.go:455] "Unhandled Error" err="error creating error stream for port 8801 -> 3000: Timeout occurred"
Handling connection for 8801
Handling connection for 8801
Handling connection for 8801
Handling connection for 8801
Handling connection for 8801
Handling connection for 8801
Handling connection for 8801
Handling connection for 8801
E0623 04:14:52.426789  196712 portforward.go:455] "Unhandled Error" err="error creating error stream for port 8801 -> 3000: Timeout occurred"
E0623 04:14:52.427961  196712 portforward.go:455] "Unhandled Error" err="error creating error stream for port 8801 -> 3000: Timeout occurred"
E0623 04:14:52.432213  196712 portforward.go:455] "Unhandled Error" err="error creating error stream for port 8801 -> 3000: Timeout occurred"
E0623 04:14:52.441674  196712 portforward.go:455] "Unhandled Error" err="error creating error stream for port 8801 -> 3000: Timeout occurred"
E0623 04:14:52.442652  196712 portforward.go:455] "Unhandled Error" err="error creating error stream for port 8801 -> 3000: Timeout occurred"
Handling connection for 8801
E0623 04:15:13.207045  196712 portforward.go:455] "Unhandled Error" err="error creating error stream for port 8801 -> 3000: Timeout occurred"
Handling connection for 7001
Handling connection for 7001
Handling connection for 7001
Handling connection for 7001
Handling connection for 7001
Handling connection for 7001
E0623 04:15:22.053594  196712 portforward.go:455] "Unhandled Error" err="error creating error stream for port 8801 -> 3000: Timeout occurred"
E0623 04:15:22.070861  196712 portforward.go:455] "Unhandled Error" err="error creating error stream for port 8801 -> 3000: Timeout occurred"
E0623 04:15:22.074061  196712 portforward.go:455] "Unhandled Error" err="error creating error stream for port 8801 -> 3000: Timeout occurred"
E0623 04:15:22.074123  196712 portforward.go:455] "Unhandled Error" err="error creating error stream for port 8801 -> 3000: Timeout occurred"
E0623 04:15:22.077638  196712 portforward.go:455] "Unhandled Error" err="error creating error stream for port 8801 -> 3000: Timeout occurred"
E0623 04:15:22.080855  196712 portforward.go:455] "Unhandled Error" err="error creating error stream for port 8801 -> 3000: Timeout occurred"
E0623 04:15:22.082146  196712 portforward.go:455] "Unhandled Error" err="error creating error stream for port 8801 -> 3000: Timeout occurred"
E0623 04:15:22.085424  196712 portforward.go:455] "Unhandled Error" err="error creating error stream for port 8801 -> 3000: Timeout occurred"
Handling connection for 8801
E0623 04:15:37.684590  196712 portforward.go:455] "Unhandled Error" err="error creating error stream for port 8801 -> 3000: Timeout occurred"
Handling connection for 8801
Handling connection for 8801
Forwarding from 0.0.0.0:8801 -> 3000
Unable to listen on port 7001: Listeners failed to create with the following errors: [unable to create listener: Error listen tcp4 0.0.0.0:7001: bind: address already in use]
error: unable to listen on any of the requested ports: [{7001 7001}]
Handling connection for 8801
Handling connection for 8801
Handling connection for 8801
Handling connection for 8801
Handling connection for 8801
Handling connection for 8801
Handling connection for 8801
Handling connection for 8801
Handling connection for 8801
Handling connection for 8801
Handling connection for 8801
Handling connection for 8801
Handling connection for 8801
Handling connection for 8801
Handling connection for 8801
Handling connection for 8801
Handling connection for 8801
Handling connection for 8801
Handling connection for 8801
Handling connection for 8801
Handling connection for 8801
Handling connection for 8801
Handling connection for 8801
Handling connection for 8801
Handling connection for 8801
Handling connection for 8801
Handling connection for 8801
Handling connection for 8801
Handling connection for 8801
Handling connection for 8801
Handling connection for 8801
Handling connection for 8801
Handling connection for 8801
Handling connection for 8801
Handling connection for 8801
Handling connection for 8801
Handling connection for 8801
Handling connection for 8801
Handling connection for 8801
Handling connection for 8801
Handling connection for 8801
Handling connection for 8801
Handling connection for 8801
Handling connection for 8801
Handling connection for 8801
Handling connection for 8801
Handling connection for 8801
Handling connection for 8801
Handling connection for 8801
Handling connection for 8801
Handling connection for 8801
Handling connection for 8801
Handling connection for 8801
Handling connection for 8801
Handling connection for 8801
Handling connection for 8801
Handling connection for 8801
Handling connection for 8801
Handling connection for 8801
Handling connection for 8801
Handling connection for 8801
Handling connection for 8801
Handling connection for 8801
Handling connection for 8801
Handling connection for 8801
Handling connection for 8801
Handling connection for 8801
Handling connection for 8801
Handling connection for 8801
Handling connection for 8801
Handling connection for 8801
Handling connection for 8801
Handling connection for 8801
Handling connection for 8801
Handling connection for 8801
Handling connection for 8801
Handling connection for 8801
Handling connection for 8801
Handling connection for 8801
Handling connection for 8801
Handling connection for 8801
Handling connection for 8801
Handling connection for 8801
Handling connection for 8801
Handling connection for 8801
Handling connection for 8801
Handling connection for 8801
Handling connection for 8801
Handling connection for 8801
Handling connection for 8801
Handling connection for 8801
Handling connection for 8801
Handling connection for 8801
Handling connection for 8801
Handling connection for 8801
Handling connection for 8801
Handling connection for 8801
Handling connection for 8801
Handling connection for 8801
Handling connection for 8801
Handling connection for 8801
Handling connection for 8801
Handling connection for 8801
Handling connection for 8801
Handling connection for 8801
Handling connection for 8801
Handling connection for 8801
Handling connection for 8801
Handling connection for 8801
Handling connection for 8801
Handling connection for 8801
Handling connection for 8801
Handling connection for 8801
Handling connection for 8801
Handling connection for 8801
Handling connection for 8801
Handling connection for 8801
Handling connection for 8801
Handling connection for 8801
Handling connection for 8801
Handling connection for 8801
Handling connection for 8801
Handling connection for 8801
Handling connection for 8801
Handling connection for 8801
Handling connection for 8801
Handling connection for 8801
Handling connection for 8801
Handling connection for 8801
Handling connection for 8801
Handling connection for 8801
Handling connection for 8801
Handling connection for 8801
Handling connection for 8801
Handling connection for 8801
Handling connection for 8801
Handling connection for 8801
Handling connection for 8801
Handling connection for 8801
Handling connection for 8801
Handling connection for 8801
Handling connection for 8801
Handling connection for 8801
Handling connection for 8801
Handling connection for 8801
Handling connection for 8801
Handling connection for 8801
Handling connection for 8801
Handling connection for 8801
Handling connection for 8801
Handling connection for 8801
Handling connection for 8801
Handling connection for 8801
Handling connection for 8801
Handling connection for 8801
Handling connection for 8801
Handling connection for 8801
Handling connection for 8801
Handling connection for 8801
Handling connection for 8801
Handling connection for 8801
Handling connection for 8801
Handling connection for 8801
Handling connection for 8801
Handling connection for 8801
Handling connection for 8801
Handling connection for 8801
Handling connection for 8801
Handling connection for 8801
Handling connection for 8801
Handling connection for 8801
Handling connection for 8801
Handling connection for 8801
Handling connection for 8801
Handling connection for 8801
Handling connection for 8801
Handling connection for 8801
Handling connection for 8801
Handling connection for 8801
Handling connection for 8801
Handling connection for 8801
Handling connection for 8801
Handling connection for 8801
Handling connection for 8801
Handling connection for 8801
Handling connection for 8801
Handling connection for 8801
Handling connection for 8801
Handling connection for 8801
Handling connection for 8801
Handling connection for 8801
Handling connection for 8801
Handling connection for 8801
Handling connection for 8801
Handling connection for 8801
Handling connection for 8801
Handling connection for 8801
Handling connection for 8801
Handling connection for 8801
Handling connection for 8801
Handling connection for 8801
Handling connection for 8801
Handling connection for 8801
Handling connection for 8801
Handling connection for 8801
Handling connection for 8801
Handling connection for 8801
Handling connection for 8801
Handling connection for 8801
Handling connection for 8801
Handling connection for 8801
Handling connection for 8801
Handling connection for 8801
Handling connection for 8801
Handling connection for 8801
Handling connection for 8801
Handling connection for 8801
Handling connection for 8801
Handling connection for 8801
Handling connection for 8801
Handling connection for 8801
Handling connection for 8801
Handling connection for 8801
Handling connection for 8801
Handling connection for 8801
Handling connection for 8801
Handling connection for 8801
Handling connection for 8801
Handling connection for 8801
Handling connection for 8801
Handling connection for 8801
Handling connection for 8801
Handling connection for 8801
Handling connection for 8801
Handling connection for 8801
Handling connection for 8801
Handling connection for 8801
Handling connection for 8801
Handling connection for 8801
Handling connection for 8801
Handling connection for 8801
Handling connection for 8801
Handling connection for 8801
Handling connection for 8801
Handling connection for 8801
Handling connection for 8801
Handling connection for 8801
Handling connection for 8801
Handling connection for 8801
Handling connection for 8801
Handling connection for 8801
Handling connection for 8801
Handling connection for 8801
Handling connection for 8801
Handling connection for 8801
Handling connection for 8801
Handling connection for 8801
Handling connection for 8801
Handling connection for 8801
Handling connection for 8801
Handling connection for 8801
Handling connection for 8801
Handling connection for 8801
Handling connection for 8801
Handling connection for 8801
Handling connection for 8801
Handling connection for 8801
Handling connection for 8801
Handling connection for 8801
Handling connection for 8801
Handling connection for 8801
Handling connection for 8801
Handling connection for 8801
Handling connection for 8801
Handling connection for 8801
Handling connection for 8801
Handling connection for 8801
Handling connection for 8801
Handling connection for 8801
Handling connection for 8801
Handling connection for 8801
Handling connection for 8801
Handling connection for 8801
Handling connection for 8801
Handling connection for 8801
Handling connection for 8801
Handling connection for 8801
Handling connection for 8801
Handling connection for 8801
Handling connection for 8801
Handling connection for 8801
Handling connection for 8801
Handling connection for 8801
Handling connection for 8801
Handling connection for 8801
Handling connection for 8801
Handling connection for 8801
Handling connection for 8801
Handling connection for 8801
Handling connection for 8801
Handling connection for 8801
Handling connection for 8801
Handling connection for 8801
Handling connection for 8801
Handling connection for 8801
Handling connection for 8801
Handling connection for 8801
Handling connection for 8801
Handling connection for 8801
Handling connection for 8801
Handling connection for 8801
Handling connection for 8801
Handling connection for 8801
Handling connection for 8801
Handling connection for 8801
Handling connection for 8801
Handling connection for 8801
Handling connection for 8801
Handling connection for 8801
Handling connection for 8801
Handling connection for 8801
Handling connection for 8801
Handling connection for 8801
Handling connection for 7001
Handling connection for 7001
Handling connection for 7001
Handling connection for 7001
Handling connection for 8801
Handling connection for 8801
Handling connection for 8801
Handling connection for 8801
Handling connection for 8801
Handling connection for 8801
Handling connection for 8801
Handling connection for 8801
Handling connection for 8801
Handling connection for 8801
Handling connection for 7001
Handling connection for 7001
Handling connection for 8801
Handling connection for 8801
Handling connection for 8801
Handling connection for 8801
Handling connection for 8801
Handling connection for 8801
Handling connection for 8801
Handling connection for 8801
Handling connection for 8801
Handling connection for 8801
Handling connection for 8801
Handling connection for 8801
Handling connection for 8801
Handling connection for 8801
Handling connection for 8801
Handling connection for 8801
Handling connection for 8801
Handling connection for 8801
Handling connection for 8801
Handling connection for 8801
Handling connection for 8801
Handling connection for 8801
Handling connection for 8801
Handling connection for 8801
Handling connection for 8801
Handling connection for 8801
Handling connection for 8801
Handling connection for 8801
Handling connection for 8801
Handling connection for 8801
Handling connection for 8801
Handling connection for 8801
Handling connection for 8801
Handling connection for 8801
Handling connection for 8801
Handling connection for 8801
Handling connection for 8801
Handling connection for 8801
Handling connection for 8801
Handling connection for 8801
Handling connection for 8801
Handling connection for 8801
Handling connection for 8801
Handling connection for 8801
Handling connection for 8801
Handling connection for 8801
Handling connection for 8801
Handling connection for 8801
Handling connection for 8801
Handling connection for 8801
Handling connection for 8801
Handling connection for 8801
Handling connection for 8801
Handling connection for 8801
Handling connection for 8801
Handling connection for 8801
Handling connection for 8801
Handling connection for 8801
Handling connection for 8801
Handling connection for 8801
Handling connection for 8801
Handling connection for 8801
Handling connection for 8801
Handling connection for 8801
Handling connection for 8801
Handling connection for 8801
Handling connection for 8801
Handling connection for 8801
Handling connection for 8801
Handling connection for 8801
Handling connection for 8801
Handling connection for 8801
Handling connection for 8801
Handling connection for 8801
Handling connection for 8801
Handling connection for 8801
Handling connection for 8801
Handling connection for 8801
Handling connection for 8801
Handling connection for 8801
Handling connection for 8801
Handling connection for 8801
Handling connection for 8801
Handling connection for 8801
Handling connection for 8801
Handling connection for 8801
Handling connection for 8801
Handling connection for 8801
Handling connection for 8801
Handling connection for 8801
Handling connection for 8801
Handling connection for 8801
Handling connection for 8801
Handling connection for 8801
Handling connection for 8801
Handling connection for 8801
Handling connection for 8801
Handling connection for 8801
Handling connection for 8801
Handling connection for 8801
Handling connection for 8801
Handling connection for 8801
Handling connection for 8801
Handling connection for 8801
Handling connection for 8801
Handling connection for 8801
Handling connection for 8801
Handling connection for 8801
Handling connection for 8801
Handling connection for 8801
Handling connection for 8801
Handling connection for 8801
Handling connection for 8801
Handling connection for 8801
Handling connection for 8801
Handling connection for 8801
Handling connection for 8801
Handling connection for 8801
Handling connection for 8801
Handling connection for 8801
Handling connection for 8801
Handling connection for 8801
Handling connection for 8801
Handling connection for 8801
Handling connection for 7001
Handling connection for 8801
Handling connection for 8801
Handling connection for 8801
Handling connection for 8801
Handling connection for 8801
Handling connection for 8801
Handling connection for 8801
Handling connection for 8801
Handling connection for 8801
Handling connection for 8801
Handling connection for 8801
Handling connection for 8801
Handling connection for 8801
Handling connection for 8801
Handling connection for 8801
Handling connection for 8801
Handling connection for 8801
Handling connection for 8801
Handling connection for 8801
Handling connection for 8801
Handling connection for 8801
Handling connection for 8801
Handling connection for 8801
Handling connection for 8801
Handling connection for 8801
Handling connection for 8801
Handling connection for 8801
Handling connection for 8801
Handling connection for 8801
Handling connection for 8801
Handling connection for 8801
Handling connection for 8801
Handling connection for 8801
Handling connection for 8801
Handling connection for 8801
Handling connection for 8801
Handling connection for 8801
Handling connection for 8801
Handling connection for 8801
Handling connection for 8801
Handling connection for 8801
Handling connection for 8801
Handling connection for 8801
Handling connection for 8801
Handling connection for 8801
Handling connection for 8801
Handling connection for 8801
Handling connection for 8801
Handling connection for 8801
Handling connection for 8801
Handling connection for 8801
Handling connection for 8801
Handling connection for 8801
Handling connection for 8801
Handling connection for 8801
Handling connection for 8801
Handling connection for 8801
Handling connection for 8801
Handling connection for 8801
Handling connection for 8801
Handling connection for 8801
Handling connection for 8801
Handling connection for 8801
Handling connection for 8801
Handling connection for 8801
Handling connection for 8801
Handling connection for 8801
Handling connection for 8801
Handling connection for 8801
Handling connection for 8801
Handling connection for 8801
Handling connection for 8801
Handling connection for 8801
Handling connection for 8801
Handling connection for 8801
Handling connection for 8801
Handling connection for 8801
Handling connection for 8801
Handling connection for 8801
Handling connection for 8801
Handling connection for 8801
Handling connection for 8801
Handling connection for 8801
Handling connection for 8801
Handling connection for 8801
Handling connection for 8801
Handling connection for 8801
Handling connection for 8801
Handling connection for 8801
Handling connection for 8801
Handling connection for 8801
Handling connection for 8801
Handling connection for 8801
Handling connection for 8801
Handling connection for 8801
Handling connection for 8801
Handling connection for 8801
Handling connection for 8801
Handling connection for 8801
Handling connection for 8801
Handling connection for 8801
Handling connection for 8801
Handling connection for 8801
Handling connection for 8801
Handling connection for 8801
Handling connection for 8801
Handling connection for 8801
Handling connection for 8801
Handling connection for 8801
Handling connection for 8801
Handling connection for 8801
Handling connection for 8801
Handling connection for 8801
Handling connection for 8801
Handling connection for 8801
Handling connection for 8801
Handling connection for 8801
Handling connection for 8801
Handling connection for 8801
Handling connection for 8801
Handling connection for 8801
Handling connection for 8801
Handling connection for 8801
Handling connection for 8801
Handling connection for 8801
Handling connection for 8801
Handling connection for 8801
Handling connection for 8801
Handling connection for 8801
Handling connection for 8801
Handling connection for 8801
Handling connection for 8801
Handling connection for 8801
Handling connection for 8801
Handling connection for 8801
Handling connection for 8801
Handling connection for 8801
Handling connection for 8801
Handling connection for 8801
Handling connection for 8801
Handling connection for 8801
Handling connection for 8801
Handling connection for 8801
Handling connection for 8801
Handling connection for 8801
Handling connection for 8801
Handling connection for 8801
Handling connection for 8801
Handling connection for 8801
Handling connection for 8801
Handling connection for 8801
Handling connection for 8801
Handling connection for 8801
Handling connection for 8801
Handling connection for 8801
Handling connection for 8801
Handling connection for 8801
Handling connection for 8801
Handling connection for 8801
Handling connection for 8801
Handling connection for 8801
Handling connection for 8801
Handling connection for 8801
Handling connection for 8801
Handling connection for 8801
Handling connection for 8801
Handling connection for 8801
Handling connection for 8801
Handling connection for 8801
Handling connection for 8801
Handling connection for 8801
Handling connection for 8801
Handling connection for 8801
Handling connection for 8801
Handling connection for 8801
Handling connection for 8801
Handling connection for 8801
Handling connection for 8801
Handling connection for 8801
Handling connection for 8801
Handling connection for 8801
Handling connection for 8801
Handling connection for 8801
Handling connection for 8801
Handling connection for 8801
Handling connection for 8801
Handling connection for 8801
Handling connection for 8801
Handling connection for 8801
Handling connection for 8801
Handling connection for 8801
Handling connection for 8801
Handling connection for 8801
Handling connection for 8801
Handling connection for 8801
Handling connection for 8801
Handling connection for 8801
Handling connection for 8801
Handling connection for 8801
Handling connection for 8801
Handling connection for 8801
Handling connection for 8801
Handling connection for 8801
Handling connection for 8801
Handling connection for 8801
Handling connection for 8801
Handling connection for 8801
Handling connection for 8801
Handling connection for 8801
Handling connection for 8801
Handling connection for 8801
Handling connection for 8801
Handling connection for 8801
Handling connection for 8801
Handling connection for 8801
Handling connection for 8801
Handling connection for 8801
Handling connection for 8801
Handling connection for 8801
Handling connection for 8801
Handling connection for 8801
Handling connection for 8801
Handling connection for 8801
Handling connection for 8801
Handling connection for 8801
Handling connection for 8801
Handling connection for 8801
Handling connection for 8801
Handling connection for 8801
Handling connection for 8801
Handling connection for 8801
Handling connection for 8801
Handling connection for 8801
Handling connection for 8801
Handling connection for 8801
Handling connection for 8801
Handling connection for 8801
Handling connection for 8801
Handling connection for 8801
Handling connection for 8801
Handling connection for 8801
Handling connection for 8801
Handling connection for 8801
Handling connection for 8801
Handling connection for 8801
Handling connection for 8801
Handling connection for 8801
Handling connection for 8801
Handling connection for 8801
Handling connection for 8801
Handling connection for 8801
Handling connection for 8801
Handling connection for 8801
Handling connection for 8801
Handling connection for 8801
Handling connection for 8801
Handling connection for 8801
Handling connection for 8801
Handling connection for 8801
Handling connection for 8801
Handling connection for 8801
Handling connection for 8801
Handling connection for 8801
Handling connection for 8801
Handling connection for 8801
Handling connection for 8801
Handling connection for 8801
Handling connection for 8801
Handling connection for 8801
Handling connection for 8801
Handling connection for 8801
Handling connection for 8801
Handling connection for 8801
Handling connection for 8801
Handling connection for 8801
Handling connection for 8801
Handling connection for 8801
Handling connection for 8801
Handling connection for 8801
Handling connection for 8801
Handling connection for 8801
Handling connection for 8801
Handling connection for 8801
Handling connection for 8801
Handling connection for 8801
Handling connection for 8801
Handling connection for 8801
Handling connection for 8801
Handling connection for 8801
Handling connection for 8801
Handling connection for 8801
Handling connection for 8801
Handling connection for 8801
Handling connection for 8801
Handling connection for 8801
Handling connection for 8801
Handling connection for 8801
Handling connection for 8801
Handling connection for 8801
Handling connection for 8801
Handling connection for 8801
Handling connection for 8801
Handling connection for 8801
Handling connection for 8801
Handling connection for 8801
Handling connection for 8801
Handling connection for 8801
Handling connection for 8801
Handling connection for 8801
Handling connection for 8801
Handling connection for 8801
Handling connection for 8801
Handling connection for 8801
Handling connection for 8801
Handling connection for 8801
Handling connection for 8801
Handling connection for 8801
Handling connection for 8801
Handling connection for 8801
Handling connection for 8801
Handling connection for 8801
Handling connection for 8801
Handling connection for 8801
Handling connection for 8801
Handling connection for 8801
Handling connection for 8801
Handling connection for 8801
Handling connection for 8801
Handling connection for 8801
Handling connection for 8801
Handling connection for 8801
Handling connection for 8801
Handling connection for 8801
Handling connection for 8801
Handling connection for 8801
Handling connection for 8801
Handling connection for 8801
Handling connection for 8801
Handling connection for 8801
Handling connection for 8801
Handling connection for 8801
Handling connection for 8801
Handling connection for 8801
Handling connection for 8801
Handling connection for 8801
Handling connection for 8801
Handling connection for 8801
Handling connection for 8801
Handling connection for 8801
Handling connection for 8801
Handling connection for 8801
Handling connection for 8801
Handling connection for 8801
Handling connection for 8801
Handling connection for 8801
Handling connection for 8801
Handling connection for 8801
Handling connection for 8801
Handling connection for 8801
Handling connection for 8801
Handling connection for 8801
Handling connection for 8801
Handling connection for 8801
Handling connection for 8801
Handling connection for 8801
Handling connection for 8801
Handling connection for 8801
Handling connection for 8801
Handling connection for 8801
Handling connection for 8801
Handling connection for 8801
Handling connection for 8801
Handling connection for 8801
Handling connection for 8801
Handling connection for 8801
Handling connection for 8801
Handling connection for 8801
Handling connection for 8801
Handling connection for 8801
Handling connection for 8801
Handling connection for 8801
Handling connection for 8801
Handling connection for 8801
Handling connection for 8801
Handling connection for 8801
Handling connection for 8801
Handling connection for 8801
Handling connection for 8801
Handling connection for 8801
Handling connection for 8801
Handling connection for 8801
Handling connection for 8801
Handling connection for 8801
Handling connection for 8801
Handling connection for 8801
Handling connection for 8801
Handling connection for 8801
Handling connection for 8801
Handling connection for 8801
Handling connection for 8801
Handling connection for 8801
Handling connection for 8801
Handling connection for 8801
Handling connection for 8801
Handling connection for 8801
Handling connection for 8801
Handling connection for 8801
Handling connection for 8801
Handling connection for 8801
Handling connection for 8801
Handling connection for 8801
Handling connection for 8801
Handling connection for 8801
Handling connection for 8801
Handling connection for 8801
Handling connection for 8801
Handling connection for 8801
Handling connection for 8801
Handling connection for 8801
Handling connection for 8801
Handling connection for 8801
Handling connection for 8801
Handling connection for 8801
Handling connection for 8801
Handling connection for 8801
Handling connection for 8801
Handling connection for 8801
Handling connection for 8801
Handling connection for 8801
Handling connection for 8801
Handling connection for 8801
Handling connection for 8801
Handling connection for 8801
Handling connection for 8801
Handling connection for 8801
Handling connection for 8801
Handling connection for 8801
Handling connection for 8801
Handling connection for 8801
Handling connection for 8801
Handling connection for 8801
Handling connection for 8801
Handling connection for 8801
Handling connection for 8801
Handling connection for 8801
Handling connection for 8801
Handling connection for 8801
Handling connection for 8801
Handling connection for 8801
Handling connection for 8801
Handling connection for 8801
Handling connection for 8801
Handling connection for 8801
Handling connection for 8801
Handling connection for 8801
Handling connection for 8801
Handling connection for 8801
Handling connection for 8801
Handling connection for 8801
Handling connection for 8801
Handling connection for 8801
Handling connection for 8801
Handling connection for 8801
Handling connection for 8801
Handling connection for 8801
Handling connection for 8801
Handling connection for 8801
Handling connection for 8801
Handling connection for 8801
Handling connection for 8801
Handling connection for 8801
Handling connection for 8801
Handling connection for 8801
Handling connection for 8801
Handling connection for 8801
Handling connection for 8801
Handling connection for 8801
Handling connection for 8801
Handling connection for 8801
Handling connection for 8801
Handling connection for 8801
Handling connection for 8801
Handling connection for 8801
Handling connection for 8801
Handling connection for 8801
Handling connection for 8801
Handling connection for 8801
Handling connection for 8801
Handling connection for 8801
Handling connection for 8801
Handling connection for 8801
Handling connection for 8801
Handling connection for 8801
Handling connection for 8801
Handling connection for 8801
Handling connection for 8801
Handling connection for 8801
Handling connection for 8801
Handling connection for 8801
Handling connection for 8801
Handling connection for 8801
Handling connection for 8801
Handling connection for 8801
Handling connection for 8801
Handling connection for 8801
Handling connection for 8801
Handling connection for 8801
Handling connection for 8801
Handling connection for 8801
Handling connection for 8801
Handling connection for 8801
Handling connection for 8801
Handling connection for 8801
Handling connection for 8801
Handling connection for 8801
Handling connection for 8801
Handling connection for 8801
Handling connection for 8801
Handling connection for 8801
Handling connection for 8801
Handling connection for 8801
Handling connection for 8801
Handling connection for 8801
Handling connection for 8801
Handling connection for 8801
Handling connection for 8801
Handling connection for 8801
Handling connection for 8801
Handling connection for 8801
Handling connection for 8801
Handling connection for 8801
Handling connection for 8801
Handling connection for 8801
Handling connection for 8801
Handling connection for 8801
Handling connection for 8801
